
An unexpected exception has been detected in native code outside the VM.
Unexpected Signal : 11 occurred at PC=0x4D02BD7C during VM shutdown
Function=(null)+0x4D02BD7C
Library=/opt/sybase/ASIQ-12_6/bin/../lib/libdbodbc9_r.so

NOTE: We are unable to locate the function name symbol for the error
      just occurred. Please refer to release documentation for possible
      reason and solutions.


Current Java thread:
	at ianywhere.ml.jdbcodbc.IPreparedStatement.execute(Native Method)
	at sybase.isql.ISQLConnectionImpl.handleExecute(ISQLConnectionImpl.java:2669)
	at sybase.isql.ISQLConnectionImpl.run(ISQLConnectionImpl.java:445)
	at java.lang.Thread.run(Unknown Source)

Dynamic libraries:
0000000008048000-000000000806b000 r-xp 0000000000000000 68:02 42729506   /opt/sybase/ASIQ-12_6/bin/dbisql
000000000806b000-000000000806f000 rwxp 0000000000022000 68:02 42729506   /opt/sybase/ASIQ-12_6/bin/dbisql
000000000806f000-0000000008293000 rwxp 0000000000000000 00:00 0
0000000040000000-0000000040015000 r-xp 0000000000000000 68:02 524292     /lib/ld-2.3.2.so
0000000040015000-0000000040016000 rwxp 0000000000015000 68:02 524292     /lib/ld-2.3.2.so
0000000040016000-0000000040017000 rwxp 0000000000000000 00:00 0
0000000040017000-000000004001f000 r-xp 0000000000000000 68:02 21069828   /opt/sybase/shared/jre-1_42/lib/i386/native_threads/libhpi.so
000000004001f000-0000000040020000 rwxp 0000000000007000 68:02 21069828   /opt/sybase/shared/jre-1_42/lib/i386/native_threads/libhpi.so
0000000040020000-000000004002b000 r-xp 0000000000000000 68:02 524325     /lib/libnss_files-2.3.2.so
000000004002b000-000000004002c000 rwxp 000000000000a000 68:02 524325     /lib/libnss_files-2.3.2.so
000000004002c000-000000004002d000 r-xp 0000000000a12000 68:02 3440644    /usr/lib/locale/locale-archive
000000004002d000-000000004002e000 r-xp 0000000000000000 68:02 14237833   /usr/lib/gconv/ISO8859-1.so
000000004002e000-000000004002f000 rwxp 0000000000001000 68:02 14237833   /usr/lib/gconv/ISO8859-1.so
000000004002f000-000000004003d000 r-xp 0000000000000000 68:02 14270470   /lib/i686/libpthread-0.10.so
000000004003d000-0000000040040000 rwxp 000000000000e000 68:02 14270470   /lib/i686/libpthread-0.10.so
0000000040040000-0000000040080000 rwxp 0000000000000000 00:00 0
0000000040080000-00000000400b7000 r-xp 0000000000000000 68:02 1245982    /usr/lib/libstdc++-3-libc6.2-2-2.10.0.so
00000000400b7000-00000000400c0000 rwxp 0000000000037000 68:02 1245982    /usr/lib/libstdc++-3-libc6.2-2-2.10.0.so
00000000400c0000-00000000400c2000 rwxp 0000000000000000 00:00 0
00000000400c2000-00000000400c4000 r-xp 0000000000000000 68:02 524305     /lib/libdl-2.3.2.so
00000000400c4000-00000000400c5000 rwxp 0000000000001000 68:02 524305     /lib/libdl-2.3.2.so
00000000400c5000-00000000400e6000 r-xp 0000000000000000 68:02 14270468   /lib/i686/libm-2.3.2.so
00000000400e6000-00000000400e7000 rwxp 0000000000021000 68:02 14270468   /lib/i686/libm-2.3.2.so
00000000400e7000-000000004021b000 r-xp 0000000000000000 68:02 14270466   /lib/i686/libc-2.3.2.so
000000004021b000-000000004021e000 rwxp 0000000000134000 68:02 14270466   /lib/i686/libc-2.3.2.so
000000004021e000-0000000040222000 rwxp 0000000000000000 00:00 0
0000000040222000-000000004022a000 r-xp 0000000000000000 68:02 524290     /lib/libgcc_s-3.2.3-20040701.so.1
000000004022a000-000000004022b000 rwxp 0000000000007000 68:02 524290     /lib/libgcc_s-3.2.3-20040701.so.1
000000004022b000-0000000040629000 r-xp 0000000000000000 68:02 21364751   /opt/sybase/shared/jre-1_42/lib/i386/client/libjvm.so
0000000040629000-0000000040645000 rwxp 00000000003fd000 68:02 21364751   /opt/sybase/shared/jre-1_42/lib/i386/client/libjvm.so
0000000040645000-0000000040657000 rwxp 0000000000000000 00:00 0
0000000040657000-0000000040669000 r-xp 0000000000000000 68:02 524309     /lib/libnsl-2.3.2.so
0000000040669000-000000004066a000 rwxp 0000000000011000 68:02 524309     /lib/libnsl-2.3.2.so
000000004066a000-000000004066c000 rwxp 0000000000000000 00:00 0
000000004066c000-0000000040670000 rwxs 0000000000000000 68:02 47136782   /tmp/hsperfdata_sybase/21854 (deleted)
0000000040670000-0000000040680000 r-xp 0000000000000000 68:02 20480020   /opt/sybase/shared/jre-1_42/lib/i386/libverify.so
0000000040680000-0000000040682000 rwxp 000000000000f000 68:02 20480020   /opt/sybase/shared/jre-1_42/lib/i386/libverify.so
0000000040682000-00000000406a2000 r-xp 0000000000000000 68:02 20480021   /opt/sybase/shared/jre-1_42/lib/i386/libjava.so
00000000406a2000-00000000406a4000 rwxp 000000000001f000 68:02 20480021   /opt/sybase/shared/jre-1_42/lib/i386/libjava.so
00000000406a4000-00000000406b8000 r-xp 0000000000000000 68:02 20480023   /opt/sybase/shared/jre-1_42/lib/i386/libzip.so
00000000406b8000-00000000406bb000 rwxp 0000000000013000 68:02 20480023   /opt/sybase/shared/jre-1_42/lib/i386/libzip.so
00000000406bb000-0000000041da8000 r-xs 0000000000000000 68:02 19988537   /opt/sybase/shared/jre-1_42/lib/rt.jar
0000000041da8000-0000000041df2000 rwxp 0000000000000000 00:00 0
0000000041df2000-0000000041e08000 r-xs 0000000000000000 68:02 19988492   /opt/sybase/shared/jre-1_42/lib/sunrsasign.jar
0000000041e08000-0000000041ee1000 r-xs 0000000000000000 68:02 19988538   /opt/sybase/shared/jre-1_42/lib/jsse.jar
0000000041ee1000-0000000041ef2000 r-xs 0000000000000000 68:02 19988493   /opt/sybase/shared/jre-1_42/lib/jce.jar
0000000041ef2000-000000004243b000 r-xs 0000000000000000 68:02 19988539   /opt/sybase/shared/jre-1_42/lib/charsets.jar
000000004243b000-00000000424bb000 rwxp 0000000000000000 00:00 0
00000000424bb000-000000004443b000 rwxp 0000000000080000 00:00 0
000000004443b000-000000004443d000 rwxp 0000000000000000 00:00 0
000000004443d000-00000000444bb000 rwxp 0000000002002000 00:00 0
00000000444bb000-00000000444e3000 rwxp 0000000000000000 00:00 0
00000000444e3000-00000000444e6000 r-xs 0000000000000000 68:02 22970373   /opt/sybase/shared/jre-1_42/lib/ext/dnsns.jar
00000000444e6000-00000000444e9000 r-xs 0000000000000000 68:02 45776919   /opt/sybase/ASIQ-12_6/java/xml4j.jar
00000000444e9000-00000000444eb000 rwxp 0000000000000000 00:00 0
00000000444f0000-0000000044590000 rwxp 0000000000000000 00:00 0
0000000044590000-00000000449d0000 rwxp 00000000000ad000 00:00 0
00000000449d0000-0000000044b30000 rwxp 0000000000000000 00:00 0
0000000044b30000-00000000484f0000 rwxp 000000000064d000 00:00 0
00000000484f0000-00000000488f0000 rwxp 0000000000000000 00:00 0
00000000488f0000-000000004c4f0000 rwxp 000000000440d000 00:00 0
000000004c4f0000-000000004c4f1000 rwxp 0000000000000000 00:00 0
000000004c4f1000-000000004c4f2000 rwxp 000000000800e000 00:00 0
000000004c4f2000-000000004c4f4000 rwxp 0000000000000000 00:00 0
000000004c4f4000-000000004c510000 rwxp 0000000008011000 00:00 0
000000004c510000-000000004c512000 rwxp 0000000000000000 00:00 0
000000004c512000-000000004c530000 rwxp 000000000802f000 00:00 0
000000004c530000-000000004c532000 rwxp 0000000000000000 00:00 0
000000004c532000-000000004c54f000 rwxp 0000000000001000 00:00 0
000000004c54f000-000000004c552000 rwxp 0000000000000000 00:00 0
000000004c552000-000000004c570000 rwxp 0000000000021000 00:00 0
000000004c570000-000000004c571000 ---p 0000000000000000 00:00 0
000000004c571000-000000004c5f1000 rwxp 0000000000001000 00:00 0
000000004c5f1000-000000004c5f2000 ---p 0000000000081000 00:00 0
000000004c5f2000-000000004c600000 rwxp 0000000000082000 00:00 0
000000004c600000-000000004c603000 ---p 0000000000090000 00:00 0
000000004c603000-000000004c672000 rwxp 0000000000093000 00:00 0
000000004c672000-000000004c673000 ---p 0000000000102000 00:00 0
000000004c673000-000000004c681000 rwxp 0000000000103000 00:00 0
000000004c681000-000000004c684000 ---p 0000000000111000 00:00 0
000000004c684000-000000004c6f3000 rwxp 0000000000114000 00:00 0
000000004c6f3000-000000004c8f3000 r-xp 0000000000000000 68:02 3440644    /usr/lib/locale/locale-archive
000000004c8f3000-000000004c925000 r-xp 00000000009c4000 68:02 3440644    /usr/lib/locale/locale-archive
000000004c925000-000000004c926000 ---p 0000000000000000 00:00 0
000000004c926000-000000004c9a6000 rwxp 0000000000001000 00:00 0
000000004c9a6000-000000004c9a7000 ---p 0000000000081000 00:00 0
000000004c9a7000-000000004c9b5000 rwxp 0000000000082000 00:00 0
000000004c9b5000-000000004c9b8000 ---p 0000000000090000 00:00 0
000000004c9b8000-000000004ca27000 rwxp 0000000000093000 00:00 0
000000004ca27000-000000004ca28000 ---p 0000000000102000 00:00 0
000000004ca28000-000000004ca36000 rwxp 0000000000103000 00:00 0
000000004ca36000-000000004ca39000 ---p 0000000000111000 00:00 0
000000004ca39000-000000004caa8000 rwxp 0000000000114000 00:00 0
000000004cb29000-000000004cb45000 r-xs 0000000000000000 68:02 22970372   /opt/sybase/shared/jre-1_42/lib/ext/sunjce_provider.jar
000000004cb45000-000000004cb52000 r-xs 0000000000000000 68:02 22970374   /opt/sybase/shared/jre-1_42/lib/ext/ldapsec.jar
000000004cb52000-000000004cc0d000 r-xs 0000000000000000 68:02 22970375   /opt/sybase/shared/jre-1_42/lib/ext/localedata.jar
000000004cc0d000-000000004cce8000 r-xs 0000000000000000 68:02 45776912   /opt/sybase/ASIQ-12_6/java/isql.jar
000000004cce8000-000000004cdd3000 r-xs 0000000000000000 68:02 2146345    /opt/sybase/shared/jConnect-5_5/classes/jconn2.jar
000000004cdd3000-000000004cdfc000 r-xs 0000000000000000 68:02 45776915   /opt/sybase/ASIQ-12_6/java/jodbc.jar
000000004cdfc000-000000004ce51000 r-xs 0000000000000000 68:02 42270739   /opt/sybase/shared/java/SCEditor142.jar
000000004ce51000-000000004ce92000 r-xs 0000000000000000 68:02 42270740   /opt/sybase/shared/java/jsyblib142.jar
000000004ce92000-000000004ceb1000 r-xs 0000000000000000 68:02 45776914   /opt/sybase/ASIQ-12_6/java/jlogon.jar
000000004ceb1000-000000004ceb2000 ---p 0000000000000000 00:00 0
000000004ceb2000-000000004cec0000 rwxp 0000000000001000 00:00 0
000000004cec0000-000000004cec3000 ---p 000000000000f000 00:00 0
000000004cec3000-000000004cf32000 rwxp 0000000000012000 00:00 0
000000004cf32000-000000004cf8b000 r-xp 0000000000000000 68:02 46546948   /opt/sybase/ASIQ-12_6/lib/libdbjodbc9.so.1
000000004cf8b000-000000004cf8e000 rwxp 0000000000058000 68:02 46546948   /opt/sybase/ASIQ-12_6/lib/libdbjodbc9.so.1
000000004cf8e000-000000004cfb8000 r-xp 0000000000000000 68:02 46546955   /opt/sybase/ASIQ-12_6/lib/libdbodm9_r.so.1
000000004cfb8000-000000004cfbd000 rwxp 0000000000029000 68:02 46546955   /opt/sybase/ASIQ-12_6/lib/libdbodm9_r.so.1
000000004cfbd000-000000004cfbe000 rwxp 0000000000000000 00:00 0
000000004cfbe000-000000004cfcc000 r-xp 0000000000000000 68:02 46546958   /opt/sybase/ASIQ-12_6/lib/libdbtasks9_r.so.1
000000004cfcc000-000000004cfce000 rwxp 000000000000d000 68:02 46546958   /opt/sybase/ASIQ-12_6/lib/libdbtasks9_r.so.1
000000004cfce000-000000004d07d000 r-xp 0000000000000000 68:02 46546953   /opt/sybase/ASIQ-12_6/lib/libdbodbc9_r.so.1
000000004d07d000-000000004d08a000 rwxp 00000000000ae000 68:02 46546953   /opt/sybase/ASIQ-12_6/lib/libdbodbc9_r.so.1
000000004d08a000-000000004d08c000 rwxp 0000000000000000 00:00 0
000000004d14f000-000000004d213000 r-xs 0000000000000000 68:02 42270738   /opt/sybase/shared/java/JComponents142.jar
000000004d213000-000000004d268000 r-xs 0000000000000000 68:02 42385423   /opt/sybase/shared/sun/javahelp-1_1/jh.jar
000000004d268000-000000004d276000 r-xs 0000000000000000 68:02 42270737   /opt/sybase/shared/java/HelpManager11.jar
000000004d276000-000000004d347000 r-xs 0000000000000000 68:02 45776918   /opt/sybase/ASIQ-12_6/java/xerces.jar
000000004d347000-000000004d348000 ---p 0000000000000000 00:00 0
000000004d348000-000000004d356000 rwxp 0000000000001000 00:00 0
000000004d356000-000000004d359000 ---p 000000000000f000 00:00 0
000000004d359000-000000004d3c8000 rwxp 0000000000012000 00:00 0
000000004d400000-000000004d421000 rwxp 0000000000038000 00:00 0
000000004d421000-000000004d500000 ---p 0000000000059000 00:00 0
00000000ffe01000-00000000ffe0b000 rwxp 0000000000000000 00:00 0
00000000ffe0b000-00000000ffe0e000 ---p 0000000000000000 00:00 0
00000000ffff5000-00000000ffffe000 rwxp ffffffffffff8000 00:00 0

Heap at VM Abort:
Heap
 def new generation   total 576K, used 174K [0x444f0000, 0x44590000, 0x449d0000)
  eden space 512K,  21% used [0x444f0000, 0x4450b980, 0x44570000)
  from space 64K, 100% used [0x44570000, 0x44580000, 0x44580000)
  to   space 64K,   0% used [0x44580000, 0x44580000, 0x44590000)
 tenured generation   total 1408K, used 329K [0x449d0000, 0x44b30000, 0x484f0000)
   the space 1408K,  23% used [0x449d0000, 0x44a22448, 0x44a22600, 0x44b30000)
 compacting perm gen  total 4096K, used 2468K [0x484f0000, 0x488f0000, 0x4c4f0000)
   the space 4096K,  60% used [0x484f0000, 0x48759238, 0x48759400, 0x488f0000)

Local Time = Wed Aug  2 14:23:25 2006
Elapsed Time = 28
#
# The exception above was detected in native code outside the VM
#
# Java VM: Java HotSpot(TM) Client VM (1.4.2_07-b05 interpreted mode)
#
